(2006: 7:24:23:49) - (!) INITIALIZING GAME SERVER...
(2006: 7:24:23:49) - (!) Reading configuration file...
(2006: 7:24:23:49) - Gate DNS is set to 0
(2006: 7:24:23:49) - Log DNS is set to 0
(2006: 7:24:23:49) - (*) Game server name : Elvine
(2006: 7:24:23:49) - (*) Game server address : 127.0.0.1
(2006: 7:24:23:49) - (*) Internal (LAN) Game server address : 127.0.0.1
(2006: 7:24:23:49) - (*) External (Internet) Game server address : 127.0.0.1
(2006: 7:24:23:49) - (*) Game server address : 5.50.2.5
(2006: 7:24:23:49) - (*) Game server port : 9902
(2006: 7:24:23:49) - (*) Log server address : 127.0.0.1
(2006: 7:24:23:49) - (*) Log server port : 2500
(2006: 7:24:23:49) - (*) Gate server address : 127.0.0.1
(2006: 7:24:23:49) - (*) Gate server port : 6502
(2006: 7:24:23:49) - (*) Game server mode : INTERNET
(2006: 7:24:23:49) - (*) Add map (elvine)   - Loading map info files...
(2006: 7:24:23:49) - (*) Data file loading success.
(2006: 7:24:23:49) - (*) Add map (elvfarm)   - Loading map info files...
(2006: 7:24:23:49) - (*) Data file loading success.
(2006: 7:24:23:49) - (*) Add map (elvbrk11)   - Loading map info files...
(2006: 7:24:23:49) - (*) Data file loading success.
(2006: 7:24:23:49) - (*) Add map (elvbrk12)   - Loading map info files...
(2006: 7:24:23:49) - (*) Data file loading success.
(2006: 7:24:23:49) - (*) Add map (elvbrk21)   - Loading map info files...
(2006: 7:24:23:49) - (*) Data file loading success.
(2006: 7:24:23:49) - (*) Add map (elvbrk22)   - Loading map info files...
(2006: 7:24:23:49) - (*) Data file loading success.
(2006: 7:24:23:49) - (*) Add map (elvined1)   - Loading map info files...
(2006: 7:24:23:49) - (*) Data file loading success.
(2006: 7:24:23:49) - (*) Add map (elvjail)   - Loading map info files...
(2006: 7:24:23:49) - (*) Data file loading success.
(2006: 7:24:23:49) - (*) Add map (elvwrhus)   - Loading map info files...
(2006: 7:24:23:49) - (*) Data file loading success.
(2006: 7:24:23:49) - (*) Add map (gldhall_2)   - Loading map info files...
(2006: 7:24:23:49) - (*) Data file loading success.
(2006: 7:24:23:49) - (*) Add map (gshop_2)   - Loading map info files...
(2006: 7:24:23:49) - (*) Data file loading success.
(2006: 7:24:23:49) - (*) Add map (gshop_2f)   - Loading map info files...
(2006: 7:24:23:49) - (*) Data file loading success.
(2006: 7:24:23:49) - (*) Add map (resurr2)   - Loading map info files...
(2006: 7:24:23:49) - (*) Data file loading success.
(2006: 7:24:23:49) - (*) Add map (wrhus_2)   - Loading map info files...
(2006: 7:24:23:49) - (*) Data file loading success.
(2006: 7:24:23:49) - (*) Add map (wrhus_2f)   - Loading map info files...
(2006: 7:24:23:49) - (*) Data file loading success.
(2006: 7:24:23:49) - (*) Add map (wzdtwr_2)   - Loading map info files...
(2006: 7:24:23:49) - (*) Data file loading success.
(2006: 7:24:23:49) - (*) Add map (bsmith_2)   - Loading map info files...
(2006: 7:24:23:49) - (*) Data file loading success.
(2006: 7:24:23:49) - (*) Add map (bsmith_2f)   - Loading map info files...
(2006: 7:24:23:49) - (*) Data file loading success.
(2006: 7:24:23:49) - (*) Add map (cath_2)   - Loading map info files...
(2006: 7:24:23:49) - (*) Data file loading success.
(2006: 7:24:23:49) - (*) Add map (cityhall_2)   - Loading map info files...
(2006: 7:24:23:49) - (*) Data file loading success.
(2006: 7:24:23:49) - (*) Add map (CmdHall_2)   - Loading map info files...
(2006: 7:24:23:49) - (*) Data file loading success.
(2006: 7:24:23:49) - (!) Reading settings file...
(2006: 7:24:23:49) - (*) Enemy Kill Mode: DEATHMATCH
(2006: 7:24:23:49) - (*) Player gains (1) EK per enemy kill.
(2006: 7:24:23:49) - (*) Primary drop rate: (1)
(2006: 7:24:23:49) - (*) Secondary drop rate: (1)
(2006: 7:24:23:49) - (*) Administator vulnerability ignored.
(2006: 7:24:23:49) - (*) Monday Raid Time : (3) minutes
(2006: 7:24:23:49) - (*) Tuesday Raid Time : (3) minutes
(2006: 7:24:23:49) - (*) Wednesday Raid Time : (3) minutes
(2006: 7:24:23:49) - (*) Thursday Raid Time : (3) minutes
(2006: 7:24:23:49) - (*) Friday Raid Time : (30) minutes
(2006: 7:24:23:49) - (*) Saturday Raid Time : (45) minutes
(2006: 7:24:23:49) - (*) Sunday Raid Time : (60) minutes
(2006: 7:24:23:49) - (*) Logging All Chat.
(2006: 7:24:23:49) - (*) Slate Success Rate (25) percent
(2006: 7:24:23:49) - (*) Rep<->Drop modifier: (5)
(2006: 7:24:23:49) - (*) Security number memorized!
(2006: 7:24:23:49) - (!) Reading AdminList.cfg...
(2006: 7:24:23:49) - (!) Reading BannedList.cfg...
(2006: 7:24:23:49) - (!) Reading settings file...
(2006: 7:24:23:49) - (!) Try to Connect main-log-socket... Addr:127.0.0.1  Port:2500
(2006: 7:24:23:49) - (!) Try to Connect Gate Server... Addr:127.0.0.1  Port:6502
(2006: 7:24:23:49) - (!) Notify Message list file not found!...
(2006: 7:24:23:49) - (!) Try to connect sub-log-socket(0)... Addr:127.0.0.1  Port:2500
(2006: 7:24:23:49) - (!) Try to connect sub-log-socket(1)... Addr:127.0.0.1  Port:2500
(2006: 7:24:23:49) - (!) Try to connect sub-log-socket(2)... Addr:127.0.0.1  Port:2500
(2006: 7:24:23:49) - (!!!) Gate-socket connection counting...1
(2006: 7:24:23:49) - (!) Try to connect sub-log-socket(3)... Addr:127.0.0.1  Port:2500
(2006: 7:24:23:49) - (!) Try to connect sub-log-socket(4)... Addr:127.0.0.1  Port:2500
