(2013: 8:13: 3: 3) - (!) INITIALIZING GAME SERVER...
(2013: 8:13: 3: 3) - (!) Reading configuration file...
(2013: 8:13: 3: 3) - Gate DNS is set to 0
(2013: 8:13: 3: 3) - Log DNS is set to 0
(2013: 8:13: 3: 3) - (*) Game server name : Neutral
(2013: 8:13: 3: 3) - (*) Game server address : 10.0.0.11
(2013: 8:13: 3: 3) - (*) Internal (LAN) Game server address : 10.0.0.11
(2013: 8:13: 3: 3) - (*) External (Internet) Game server address : 10.0.0.11
(2013: 8:13: 3: 3) - (*) Game server address : 10.0.0.11
(2013: 8:13: 3: 3) - (*) Game server port : 9906
(2013: 8:13: 3: 3) - (*) Log server address : 10.0.0.11
(2013: 8:13: 3: 3) - (*) Log server port : 2500
(2013: 8:13: 3: 3) - (*) Gate server address : 10.0.0.11
(2013: 8:13: 3: 3) - (*) Gate server port : 6502
(2013: 8:13: 3: 3) - (*) Game server mode : INTERNET
(2013: 8:13: 3: 3) - (*) Add map (bisle)   - Loading map info files...
(2013: 8:13: 3: 3) - (*) Data file loading success.
(2013: 8:13: 3: 3) - (*) Add map (default)   - Loading map info files...
(2013: 8:13: 3: 3) - (*) Data file loading success.
(2013: 8:13: 3: 3) - (*) Add map (fightzone1)   - Loading map info files...
(2013: 8:13: 3: 3) - (*) Data file loading success.
(2013: 8:13: 3: 3) - (*) Add map (fightzone2)   - Loading map info files...
(2013: 8:13: 3: 3) - (*) Data file loading success.
(2013: 8:13: 3: 3) - (*) Add map (fightzone3)   - Loading map info files...
(2013: 8:13: 3: 3) - (*) Data file loading success.
(2013: 8:13: 3: 3) - (*) Add map (fightzone4)   - Loading map info files...
(2013: 8:13: 3: 3) - (*) Data file loading success.
(2013: 8:13: 3: 3) - (*) Add map (fightzone5)   - Loading map info files...
(2013: 8:13: 3: 3) - (*) Data file loading success.
(2013: 8:13: 3: 3) - (*) Add map (fightzone6)   - Loading map info files...
(2013: 8:13: 3: 3) - (*) Data file loading success.
(2013: 8:13: 3: 3) - (*) Add map (fightzone7)   - Loading map info files...
(2013: 8:13: 3: 3) - (*) Data file loading success.
(2013: 8:13: 3: 3) - (*) Add map (fightzone8)   - Loading map info files...
(2013: 8:13: 3: 3) - (*) Data file loading success.
(2013: 8:13: 3: 3) - (*) Add map (fightzone9)   - Loading map info files...
(2013: 8:13: 3: 3) - (*) Data file loading success.
(2013: 8:13: 3: 3) - (!) Reading settings file...
(2013: 8:13: 3: 3) - (*) Enemy Kill Mode: DEATHMATCH
(2013: 8:13: 3: 3) - (*) Player gains (1) EK per enemy kill.
(2013: 8:13: 3: 3) - (*) Administator vulnerability ignored.
(2013: 8:13: 3: 3) - (*) Monday Raid Time : (3) minutes
(2013: 8:13: 3: 3) - (*) Tuesday Raid Time : (3) minutes
(2013: 8:13: 3: 3) - (*) Wednesday Raid Time : (3) minutes
(2013: 8:13: 3: 3) - (*) Thursday Raid Time : (3) minutes
(2013: 8:13: 3: 3) - (*) Friday Raid Time : (10) minutes
(2013: 8:13: 3: 3) - (*) Saturday Raid Time : (45) minutes
(2013: 8:13: 3: 3) - (*) Sunday Raid Time : (60) minutes
(2013: 8:13: 3: 3) - (*) Not Logging Any Chat.
(2013: 8:13: 3: 3) - (*) Summoning guild costs (50000) gold
(2013: 8:13: 3: 3) - (*) Slate Success Rate (50) percent
(2013: 8:13: 3: 3) - (*) Security number memorized!
(2013: 8:13: 3: 3) - (*) Heldenian War starting time set to 1 minutes.
(2013: 8:13: 3: 3) - (*) Heldenian War total duration set to 105 minutes.
(2013: 8:13: 3: 3) - (!) Reading AdminList.cfg...
(2013: 8:13: 3: 3) - (!) Reading BannedList.cfg...
(2013: 8:13: 3: 3) - (!) Reading settings file...
(2013: 8:13: 3: 3) - (!) Reading World.cfg...
(2013: 8:13: 3: 3) - (!) World configuration - success!
(2013: 8:13: 3: 3) - (!) Reading Teleport.cfg...
(2013: 8:13: 3: 3) - (!) TELEPORT-LIST(Total:2) configuration - success!
(2013: 8:13: 3: 3) - (!) Reading Crafting.cfg...
(2013: 8:13: 3: 3) - (!) CRAFTING(Total:25) configuration - success!
(2013: 8:13: 3: 3) - (!) Try to Connect main-log-socket... Addr:10.0.0.11  Port:2500
(2013: 8:13: 3: 3) - (!) Try to Connect Gate Server... Addr:10.0.0.11  Port:6502
(2013: 8:13: 3: 3) - (!) Notify Message list file not found!...
(2013: 8:13: 3: 3) - (!!!) Main-log-socket connected!
(2013: 8:13: 3: 3) - (!) Try to register game server(Neutral)
(2013: 8:13: 3: 3) - (!!!) Gate-socket connected!
(2013: 8:13: 3: 3) - (!) Try to register game server(Neutral) - GateServer
(2013: 8:13: 3: 3) - (!) Game Server registration to Gate Server - Success!
(2013: 8:13: 3: 3) - (!) NPC configuration contents received. Now decoding...
(2013: 8:13: 3: 3) - (!) NPC(Total:115) configuration - success!
(2013: 8:13: 3: 3) - (!) ITEM configuration contents received. Now decoding...
(2013: 8:13: 3: 3) - (!) ITEM(Total:292) configuration - success!
(2013: 8:13: 3: 3) - (!) ITEM configuration contents received. Now decoding...
(2013: 8:13: 3: 3) - (!) ITEM(Total:623) configuration - success!
(2013: 8:13: 3: 3) - (!) MAGIC configuration contents received. Now decoding...
(2013: 8:13: 3: 3) - (!) MAGIC(Total:96) configuration - success!
(2013: 8:13: 3: 3) - (!) SKILL configuration contents received. Now decoding...
(2013: 8:13: 3: 3) - (!) SKILL(Total:23) configuration - success!
(2013: 8:13: 3: 3) - (!) ITEM configuration contents received. Now decoding...
(2013: 8:13: 3: 3) - (!) ITEM(Total:914) configuration - success!
(2013: 8:13: 3: 3) - (!) QUEST configuration contents received. Now decoding...
(2013: 8:13: 3: 3) - (!) QUEST(Total:90) configuration - success!
(2013: 8:13: 3: 3) - (!) BUILD-ITEM configuration contents received. Now decoding...
(2013: 8:13: 3: 3) - (!) BuildItem(Total:97) configuration - success!
(2013: 8:13: 3: 3) - (!) DupItemID file contents received. Now decoding...
(2013: 8:13: 3: 3) - (!) DupItemID(Total:13) configuration - success!
(2013: 8:13: 3: 3) - (!) Noticement file contents received. Now decoding...
(2013: 8:13: 3: 3) - (!) Noticement Data Size: 1269
(2013: 8:13: 3: 3) - (!) PORTION configuration contents received. Now decoding...
(2013: 8:13: 3: 3) - (!) POTION(Total:19) configuration - success!
(2013: 8:13: 3: 3) - (!) Game Server registration to Log Server - Success!
(2013: 8:13: 3: 3) - (!) Try to connect sub-log-socket(0)... Addr:10.0.0.11  Port:2500
(2013: 8:13: 3: 3) - (!!!) Log Socket Connection Established Log#(0) Address:10.0.0.11  Port:2500
(2013: 8:13: 3: 3) - (!) Try to connect sub-log-socket(1)... Addr:10.0.0.11  Port:2500
(2013: 8:13: 3: 3) - (!!!) Log Socket Connection Established Log#(1) Address:10.0.0.11  Port:2500
(2013: 8:13: 3: 3) - (!) Try to connect sub-log-socket(2)... Addr:10.0.0.11  Port:2500
(2013: 8:13: 3: 3) - (!!!) Log Socket Connection Established Log#(2) Address:10.0.0.11  Port:2500
(2013: 8:13: 3: 3) - (!) Try to connect sub-log-socket(3)... Addr:10.0.0.11  Port:2500
(2013: 8:13: 3: 3) - (!!!) Log Socket Connection Established Log#(3) Address:10.0.0.11  Port:2500
(2013: 8:13: 3: 3) - (!) Try to connect sub-log-socket(4)... Addr:10.0.0.11  Port:2500
(2013: 8:13: 3: 3) - (!!!) Log Socket Connection Established Log#(4) Address:10.0.0.11  Port:2500
(2013: 8:13: 3: 3) - (!) Try to connect sub-log-socket(5)... Addr:10.0.0.11  Port:2500
(2013: 8:13: 3: 3) - (!!!) Log Socket Connection Established Log#(5) Address:10.0.0.11  Port:2500
(2013: 8:13: 3: 3) - (!) Try to connect sub-log-socket(6)... Addr:10.0.0.11  Port:2500
(2013: 8:13: 3: 3) - (!!!) Log Socket Connection Established Log#(6) Address:10.0.0.11  Port:2500
(2013: 8:13: 3: 3) - (!) Try to connect sub-log-socket(7)... Addr:10.0.0.11  Port:2500
(2013: 8:13: 3: 3) - (!!!) Log Socket Connection Established Log#(7) Address:10.0.0.11  Port:2500
(2013: 8:13: 3: 3) - (!) Try to connect sub-log-socket(8)... Addr:10.0.0.11  Port:2500
(2013: 8:13: 3: 3) - (!!!) Log Socket Connection Established Log#(8) Address:10.0.0.11  Port:2500
(2013: 8:13: 3: 3) - (!) Try to connect sub-log-socket(9)... Addr:10.0.0.11  Port:2500
(2013: 8:13: 3: 3) - (!!!) Log Socket Connection Established Log#(9) Address:10.0.0.11  Port:2500
(2013: 8:13: 3: 3) - Sending start message...
(2013: 8:13: 3: 3) - (!) Reading Map info file : mapdata\bisle.txt
(2013: 8:13: 3: 3) - (!) Map decoding(mapdata\bisle.txt) - success! WP(10) LNPC(0) RMG(-842150451 / 0)
(2013: 8:13: 3: 3) - (!) Reading Map info file : mapdata\default.txt
(2013: 8:13: 3: 3) - (!) Map decoding(mapdata\default.txt) - success! WP(0) LNPC(0) RMG(-842150451 / 0)
(2013: 8:13: 3: 3) - (!) Reading Map info file : mapdata\fightzone1.txt
(2013: 8:13: 3: 3) - (!) Map decoding(mapdata\fightzone1.txt) - success! WP(10) LNPC(0) RMG(-842150451 / 0)
(2013: 8:13: 3: 3) - (!) Reading Map info file : mapdata\fightzone2.txt
(2013: 8:13: 3: 3) - (!) Map decoding(mapdata\fightzone2.txt) - success! WP(10) LNPC(0) RMG(-842150451 / 0)
(2013: 8:13: 3: 3) - (!) Reading Map info file : mapdata\fightzone3.txt
(2013: 8:13: 3: 3) - (!) Map decoding(mapdata\fightzone3.txt) - success! WP(10) LNPC(0) RMG(-842150451 / 0)
(2013: 8:13: 3: 3) - (!) Reading Map info file : mapdata\fightzone4.txt
(2013: 8:13: 3: 3) - (!) Map decoding(mapdata\fightzone4.txt) - success! WP(10) LNPC(0) RMG(-842150451 / 0)
(2013: 8:13: 3: 3) - (!) Reading Map info file : mapdata\fightzone5.txt
(2013: 8:13: 3: 3) - (!) Map decoding(mapdata\fightzone5.txt) - success! WP(9) LNPC(0) RMG(-842150451 / 0)
(2013: 8:13: 3: 3) - (!) Reading Map info file : mapdata\fightzone6.txt
(2013: 8:13: 3: 3) - (!) Map decoding(mapdata\fightzone6.txt) - success! WP(9) LNPC(0) RMG(-842150451 / 0)
(2013: 8:13: 3: 3) - (!) Reading Map info file : mapdata\fightzone7.txt
(2013: 8:13: 3: 3) - (!) Map decoding(mapdata\fightzone7.txt) - success! WP(9) LNPC(0) RMG(-842150451 / 0)
(2013: 8:13: 3: 3) - (!) Reading Map info file : mapdata\fightzone8.txt
(2013: 8:13: 3: 3) - (!) Map decoding(mapdata\fightzone8.txt) - success! WP(9) LNPC(0) RMG(-842150451 / 0)
(2013: 8:13: 3: 3) - (!) Reading Map info file : mapdata\fightzone9.txt
(2013: 8:13: 3: 3) - (!) Map decoding(mapdata\fightzone9.txt) - success! WP(10) LNPC(0) RMG(-842150451 / 0)
(2013: 8:13: 3: 3) - (!) Reading Crusade configuration file...
(2013: 8:13: 3: 3) - (!) Reading Schedule file...
(2013: 8:13: 3: 3) - (!) Reading CrusadeGUID file...
(2013: 8:13: 3: 3) - CrusadeGUID = 1
(2013: 8:13: 3: 3) - CrusadeWinnerSide = 0
(2013: 8:13: 3: 3) - (!) Reading ApocalypseGUID file...
(2013: 8:13: 3: 3) - ApocalypseGUID = 21893752
(2013: 8:13: 3: 3) - (_) Reading HeldenianGUID file...
(2013: 8:13: 3: 3) - (_) Read HeldenianGUID (0) file: Nobody owns BtField (0).
(2013: 8:13: 3: 3) - 
(2013: 8:13: 3: 3) - (!) Game Server Activated.
(2013: 8:13: 3:15) - (!!!) Gate-socket connection lost!
(2013: 8:13: 3:15) - (!!!) Try to reconnect gate-socket... Addr:10.0.0.11  Port:6502
(2013: 8:13: 3:15) - (***) Socket to Gate-Server crashed! Critical error!
(2013: 8:13: 3:15) - (!) Try to reconnect gate-socket... Addr:10.0.0.11  Port:6502
(2013: 8:13: 3:15) - (!!!) Gate-socket connection counting...1
(2013: 8:13: 3:15) - (***) Socket to Gate-Server crashed! Critical error!
(2013: 8:13: 3:15) - (!) Try to reconnect gate-socket... Addr:10.0.0.11  Port:6502
(2013: 8:13: 3:15) - (!!!) Gate-socket connection counting...1
(2013: 8:13: 3:15) - (!!!) Main-log-socket connection lost!
(2013: 8:13: 3:15) - (!!!) GAME SERVER SHUTDOWN PROCESS BEGIN(by main-log-socket connection Lost)!!!
(2013: 8:13: 3:15) - (!!!) Sub-log-socket(0) connection lost!
(2013: 8:13: 3:15) - (!!!) Try to reconnect sub-log-socket(0)... Addr:10.0.0.11  Port:2500
(2013: 8:13: 3:15) - (!!!) Sub-log-socket(1) connection lost!
(2013: 8:13: 3:15) - (!!!) Try to reconnect sub-log-socket(1)... Addr:10.0.0.11  Port:2500
(2013: 8:13: 3:15) - (!!!) Sub-log-socket(2) connection lost!
(2013: 8:13: 3:15) - (!!!) Try to reconnect sub-log-socket(2)... Addr:10.0.0.11  Port:2500
(2013: 8:13: 3:15) - (!!!) Sub-log-socket(3) connection lost!
(2013: 8:13: 3:15) - (!!!) Try to reconnect sub-log-socket(3)... Addr:10.0.0.11  Port:2500
(2013: 8:13: 3:15) - (!!!) Sub-log-socket(4) connection lost!
(2013: 8:13: 3:15) - (!!!) Try to reconnect sub-log-socket(4)... Addr:10.0.0.11  Port:2500
(2013: 8:13: 3:15) - (!!!) Sub-log-socket(5) connection lost!
(2013: 8:13: 3:15) - (!!!) Try to reconnect sub-log-socket(5)... Addr:10.0.0.11  Port:2500
(2013: 8:13: 3:15) - (!!!) Sub-log-socket(6) connection lost!
(2013: 8:13: 3:15) - (!!!) Try to reconnect sub-log-socket(6)... Addr:10.0.0.11  Port:2500
(2013: 8:13: 3:15) - (!!!) Sub-log-socket(7) connection lost!
(2013: 8:13: 3:15) - (!!!) Try to reconnect sub-log-socket(7)... Addr:10.0.0.11  Port:2500
(2013: 8:13: 3:15) - (!!!) Sub-log-socket(8) connection lost!
(2013: 8:13: 3:15) - (!!!) Try to reconnect sub-log-socket(8)... Addr:10.0.0.11  Port:2500
(2013: 8:13: 3:15) - (!!!) Sub-log-socket(9) connection lost!
(2013: 8:13: 3:15) - (!!!) Try to reconnect sub-log-socket(9)... Addr:10.0.0.11  Port:2500
(2013: 8:13: 3:15) - (!!!) Gate-socket connection counting...2
(2013: 8:13: 3:15) - (!) GAME SERVER SHUTDOWN PROCESS COMPLETED! All players are disconnected.
(2013: 8:13: 3:15) - (!) INITIALIZING GAME SERVER...
(2013: 8:13: 3:15) - (!) Reading configuration file...
(2013: 8:13: 3:15) - Gate DNS is set to 0
(2013: 8:13: 3:15) - Log DNS is set to 0
(2013: 8:13: 3:15) - (*) Game server name : Neutral
(2013: 8:13: 3:15) - (*) Game server address : 10.0.0.11
(2013: 8:13: 3:15) - (*) Internal (LAN) Game server address : 10.0.0.11
(2013: 8:13: 3:15) - (*) External (Internet) Game server address : 10.0.0.11
(2013: 8:13: 3:15) - (*) Game server address : 10.0.0.11
(2013: 8:13: 3:15) - (*) Game server port : 9906
(2013: 8:13: 3:15) - (*) Log server address : 10.0.0.11
(2013: 8:13: 3:15) - (*) Log server port : 2500
(2013: 8:13: 3:15) - (*) Gate server address : 10.0.0.11
(2013: 8:13: 3:15) - (*) Gate server port : 6502
(2013: 8:13: 3:15) - (*) Game server mode : INTERNET
(2013: 8:13: 3:15) - (*) Add map (bisle)   - Loading map info files...
(2013: 8:13: 3:15) - (*) Data file loading success.
(2013: 8:13: 3:15) - (*) Add map (default)   - Loading map info files...
(2013: 8:13: 3:15) - (*) Data file loading success.
(2013: 8:13: 3:15) - (*) Add map (fightzone1)   - Loading map info files...
(2013: 8:13: 3:15) - (*) Data file loading success.
(2013: 8:13: 3:15) - (*) Add map (fightzone2)   - Loading map info files...
(2013: 8:13: 3:15) - (*) Data file loading success.
(2013: 8:13: 3:15) - (*) Add map (fightzone3)   - Loading map info files...
(2013: 8:13: 3:15) - (*) Data file loading success.
(2013: 8:13: 3:15) - (*) Add map (fightzone4)   - Loading map info files...
(2013: 8:13: 3:15) - (*) Data file loading success.
(2013: 8:13: 3:15) - (*) Add map (fightzone5)   - Loading map info files...
(2013: 8:13: 3:15) - (*) Data file loading success.
(2013: 8:13: 3:15) - (*) Add map (fightzone6)   - Loading map info files...
(2013: 8:13: 3:15) - (*) Data file loading success.
(2013: 8:13: 3:15) - (*) Add map (fightzone7)   - Loading map info files...
(2013: 8:13: 3:15) - (*) Data file loading success.
(2013: 8:13: 3:15) - (*) Add map (fightzone8)   - Loading map info files...
(2013: 8:13: 3:15) - (*) Data file loading success.
(2013: 8:13: 3:15) - (*) Add map (fightzone9)   - Loading map info files...
(2013: 8:13: 3:15) - (*) Data file loading success.
(2013: 8:13: 3:15) - (!) Reading settings file...
(2013: 8:13: 3:15) - (*) Enemy Kill Mode: DEATHMATCH
(2013: 8:13: 3:15) - (*) Player gains (1) EK per enemy kill.
(2013: 8:13: 3:15) - (*) Administator vulnerability ignored.
(2013: 8:13: 3:15) - (*) Monday Raid Time : (3) minutes
(2013: 8:13: 3:15) - (*) Tuesday Raid Time : (3) minutes
(2013: 8:13: 3:15) - (*) Wednesday Raid Time : (3) minutes
(2013: 8:13: 3:15) - (*) Thursday Raid Time : (3) minutes
(2013: 8:13: 3:15) - (*) Friday Raid Time : (10) minutes
(2013: 8:13: 3:15) - (*) Saturday Raid Time : (45) minutes
(2013: 8:13: 3:15) - (*) Sunday Raid Time : (60) minutes
(2013: 8:13: 3:15) - (*) Not Logging Any Chat.
(2013: 8:13: 3:15) - (*) Summoning guild costs (50000) gold
(2013: 8:13: 3:15) - (*) Slate Success Rate (50) percent
(2013: 8:13: 3:15) - (*) Security number memorized!
(2013: 8:13: 3:15) - (*) Heldenian War starting time set to 1 minutes.
(2013: 8:13: 3:15) - (*) Heldenian War total duration set to 105 minutes.
(2013: 8:13: 3:15) - (!) Reading AdminList.cfg...
(2013: 8:13: 3:15) - (!) Reading BannedList.cfg...
(2013: 8:13: 3:15) - (!) Reading settings file...
(2013: 8:13: 3:15) - (!) Reading World.cfg...
(2013: 8:13: 3:15) - (!) World configuration - success!
(2013: 8:13: 3:15) - (!) Reading Teleport.cfg...
(2013: 8:13: 3:15) - (!) TELEPORT-LIST(Total:2) configuration - success!
(2013: 8:13: 3:15) - (!) Reading Crafting.cfg...
(2013: 8:13: 3:15) - (!) CRAFTING(Total:25) configuration - success!
(2013: 8:13: 3:15) - (!) Try to Connect main-log-socket... Addr:10.0.0.11  Port:2500
(2013: 8:13: 3:15) - (!) Try to Connect Gate Server... Addr:10.0.0.11  Port:6502
(2013: 8:13: 3:15) - (!) Notify Message list file not found!...
(2013: 8:13: 3:15) - (!!!) Gate-socket connection counting...1
(2013: 8:13: 3:15) - (!) Try to connect sub-log-socket(0)... Addr:10.0.0.11  Port:2500
(2013: 8:13: 3:15) - (!) Try to connect sub-log-socket(1)... Addr:10.0.0.11  Port:2500
(2013: 8:13: 3:15) - (!) Try to connect sub-log-socket(2)... Addr:10.0.0.11  Port:2500
(2013: 8:13: 3:20) - (!) INITIALIZING GAME SERVER...
(2013: 8:13: 3:20) - (!) Reading configuration file...
(2013: 8:13: 3:20) - Gate DNS is set to 0
(2013: 8:13: 3:20) - Log DNS is set to 0
(2013: 8:13: 3:20) - (*) Game server name : Neutral
(2013: 8:13: 3:20) - (*) Game server address : 10.0.0.11
(2013: 8:13: 3:20) - (*) Internal (LAN) Game server address : 10.0.0.11
(2013: 8:13: 3:20) - (*) External (Internet) Game server address : 10.0.0.11
(2013: 8:13: 3:20) - (*) Game server address : 10.0.0.11
(2013: 8:13: 3:20) - (*) Game server port : 9906
(2013: 8:13: 3:20) - (*) Log server address : 10.0.0.11
(2013: 8:13: 3:20) - (*) Log server port : 2500
(2013: 8:13: 3:20) - (*) Gate server address : 10.0.0.11
(2013: 8:13: 3:20) - (*) Gate server port : 6502
(2013: 8:13: 3:20) - (*) Game server mode : INTERNET
(2013: 8:13: 3:20) - (*) Add map (bisle)   - Loading map info files...
(2013: 8:13: 3:20) - (*) Data file loading success.
(2013: 8:13: 3:20) - (*) Add map (default)   - Loading map info files...
(2013: 8:13: 3:20) - (*) Data file loading success.
(2013: 8:13: 3:20) - (*) Add map (fightzone1)   - Loading map info files...
(2013: 8:13: 3:20) - (*) Data file loading success.
(2013: 8:13: 3:20) - (*) Add map (fightzone2)   - Loading map info files...
(2013: 8:13: 3:20) - (*) Data file loading success.
(2013: 8:13: 3:20) - (*) Add map (fightzone3)   - Loading map info files...
(2013: 8:13: 3:20) - (*) Data file loading success.
(2013: 8:13: 3:20) - (*) Add map (fightzone4)   - Loading map info files...
(2013: 8:13: 3:20) - (*) Data file loading success.
(2013: 8:13: 3:20) - (*) Add map (fightzone5)   - Loading map info files...
(2013: 8:13: 3:20) - (*) Data file loading success.
(2013: 8:13: 3:20) - (*) Add map (fightzone6)   - Loading map info files...
(2013: 8:13: 3:20) - (*) Data file loading success.
(2013: 8:13: 3:20) - (*) Add map (fightzone7)   - Loading map info files...
(2013: 8:13: 3:20) - (*) Data file loading success.
(2013: 8:13: 3:20) - (*) Add map (fightzone8)   - Loading map info files...
(2013: 8:13: 3:20) - (*) Data file loading success.
(2013: 8:13: 3:20) - (*) Add map (fightzone9)   - Loading map info files...
(2013: 8:13: 3:20) - (*) Data file loading success.
(2013: 8:13: 3:20) - (!) Reading settings file...
(2013: 8:13: 3:20) - (*) Enemy Kill Mode: DEATHMATCH
(2013: 8:13: 3:20) - (*) Player gains (1) EK per enemy kill.
(2013: 8:13: 3:20) - (*) Administator vulnerability ignored.
(2013: 8:13: 3:20) - (*) Monday Raid Time : (3) minutes
(2013: 8:13: 3:20) - (*) Tuesday Raid Time : (3) minutes
(2013: 8:13: 3:20) - (*) Wednesday Raid Time : (3) minutes
(2013: 8:13: 3:20) - (*) Thursday Raid Time : (3) minutes
(2013: 8:13: 3:20) - (*) Friday Raid Time : (10) minutes
(2013: 8:13: 3:20) - (*) Saturday Raid Time : (45) minutes
(2013: 8:13: 3:20) - (*) Sunday Raid Time : (60) minutes
(2013: 8:13: 3:20) - (*) Not Logging Any Chat.
(2013: 8:13: 3:20) - (*) Summoning guild costs (50000) gold
(2013: 8:13: 3:20) - (*) Slate Success Rate (50) percent
(2013: 8:13: 3:20) - (*) Security number memorized!
(2013: 8:13: 3:20) - (*) Heldenian War starting time set to 1 minutes.
(2013: 8:13: 3:20) - (*) Heldenian War total duration set to 105 minutes.
(2013: 8:13: 3:20) - (!) Reading AdminList.cfg...
(2013: 8:13: 3:20) - (!) Reading BannedList.cfg...
(2013: 8:13: 3:20) - (!) Reading settings file...
(2013: 8:13: 3:20) - (!) Reading World.cfg...
(2013: 8:13: 3:20) - (!) World configuration - success!
(2013: 8:13: 3:20) - (!) Reading Teleport.cfg...
(2013: 8:13: 3:20) - (!) TELEPORT-LIST(Total:2) configuration - success!
(2013: 8:13: 3:20) - (!) Reading Crafting.cfg...
(2013: 8:13: 3:20) - (!) CRAFTING(Total:25) configuration - success!
(2013: 8:13: 3:20) - (!) Try to Connect main-log-socket... Addr:10.0.0.11  Port:2500
(2013: 8:13: 3:20) - (!) Try to Connect Gate Server... Addr:10.0.0.11  Port:6502
(2013: 8:13: 3:20) - (!) Notify Message list file not found!...
(2013: 8:13: 3:20) - (!!!) Main-log-socket connected!
(2013: 8:13: 3:20) - (!) Try to register game server(Neutral)
(2013: 8:13: 3:20) - (!!!) Gate-socket connected!
(2013: 8:13: 3:20) - (!) Try to register game server(Neutral) - GateServer
(2013: 8:13: 3:20) - (!) Game Server registration to Gate Server - Success!
(2013: 8:13: 3:20) - (!) NPC configuration contents received. Now decoding...
(2013: 8:13: 3:20) - (!) NPC(Total:115) configuration - success!
(2013: 8:13: 3:20) - (!) ITEM configuration contents received. Now decoding...
(2013: 8:13: 3:20) - (!) ITEM(Total:292) configuration - success!
(2013: 8:13: 3:20) - (!) ITEM configuration contents received. Now decoding...
(2013: 8:13: 3:20) - (!) ITEM(Total:623) configuration - success!
(2013: 8:13: 3:20) - (!) MAGIC configuration contents received. Now decoding...
(2013: 8:13: 3:20) - (!) MAGIC(Total:96) configuration - success!
(2013: 8:13: 3:20) - (!) SKILL configuration contents received. Now decoding...
(2013: 8:13: 3:20) - (!) SKILL(Total:23) configuration - success!
(2013: 8:13: 3:20) - (!) ITEM configuration contents received. Now decoding...
(2013: 8:13: 3:20) - (!) ITEM(Total:914) configuration - success!
(2013: 8:13: 3:20) - (!) QUEST configuration contents received. Now decoding...
(2013: 8:13: 3:20) - (!) QUEST(Total:90) configuration - success!
(2013: 8:13: 3:20) - (!) BUILD-ITEM configuration contents received. Now decoding...
(2013: 8:13: 3:20) - (!) BuildItem(Total:97) configuration - success!
(2013: 8:13: 3:20) - (!) DupItemID file contents received. Now decoding...
(2013: 8:13: 3:20) - (!) DupItemID(Total:13) configuration - success!
(2013: 8:13: 3:20) - (!) Noticement file contents received. Now decoding...
(2013: 8:13: 3:20) - (!) Noticement Data Size: 1269
(2013: 8:13: 3:20) - (!) PORTION configuration contents received. Now decoding...
(2013: 8:13: 3:20) - (!) POTION(Total:19) configuration - success!
(2013: 8:13: 3:20) - (!) Game Server registration to Log Server - Success!
(2013: 8:13: 3:20) - (!) Try to connect sub-log-socket(0)... Addr:10.0.0.11  Port:2500
(2013: 8:13: 3:20) - (!!!) Log Socket Connection Established Log#(0) Address:10.0.0.11  Port:2500
(2013: 8:13: 3:20) - (!) Try to connect sub-log-socket(1)... Addr:10.0.0.11  Port:2500
(2013: 8:13: 3:20) - (!!!) Log Socket Connection Established Log#(1) Address:10.0.0.11  Port:2500
(2013: 8:13: 3:20) - (!) Try to connect sub-log-socket(2)... Addr:10.0.0.11  Port:2500
(2013: 8:13: 3:20) - (!!!) Log Socket Connection Established Log#(2) Address:10.0.0.11  Port:2500
(2013: 8:13: 3:20) - (!) Try to connect sub-log-socket(3)... Addr:10.0.0.11  Port:2500
(2013: 8:13: 3:20) - (!!!) Log Socket Connection Established Log#(3) Address:10.0.0.11  Port:2500
(2013: 8:13: 3:20) - (!) Try to connect sub-log-socket(4)... Addr:10.0.0.11  Port:2500
(2013: 8:13: 3:20) - (!!!) Log Socket Connection Established Log#(4) Address:10.0.0.11  Port:2500
(2013: 8:13: 3:20) - (!) Try to connect sub-log-socket(5)... Addr:10.0.0.11  Port:2500
(2013: 8:13: 3:20) - (!!!) Log Socket Connection Established Log#(5) Address:10.0.0.11  Port:2500
(2013: 8:13: 3:20) - (!) Try to connect sub-log-socket(6)... Addr:10.0.0.11  Port:2500
(2013: 8:13: 3:20) - (!!!) Log Socket Connection Established Log#(6) Address:10.0.0.11  Port:2500
(2013: 8:13: 3:20) - (!) Try to connect sub-log-socket(7)... Addr:10.0.0.11  Port:2500
(2013: 8:13: 3:20) - (!!!) Log Socket Connection Established Log#(7) Address:10.0.0.11  Port:2500
(2013: 8:13: 3:20) - (!) Try to connect sub-log-socket(8)... Addr:10.0.0.11  Port:2500
(2013: 8:13: 3:20) - (!!!) Log Socket Connection Established Log#(8) Address:10.0.0.11  Port:2500
(2013: 8:13: 3:20) - (!) Try to connect sub-log-socket(9)... Addr:10.0.0.11  Port:2500
(2013: 8:13: 3:20) - (!!!) Log Socket Connection Established Log#(9) Address:10.0.0.11  Port:2500
(2013: 8:13: 3:20) - Sending start message...
(2013: 8:13: 3:20) - (!) Reading Map info file : mapdata\bisle.txt
(2013: 8:13: 3:20) - (!) Map decoding(mapdata\bisle.txt) - success! WP(10) LNPC(0) RMG(-842150451 / 0)
(2013: 8:13: 3:20) - (!) Reading Map info file : mapdata\default.txt
(2013: 8:13: 3:20) - (!) Map decoding(mapdata\default.txt) - success! WP(0) LNPC(0) RMG(-842150451 / 0)
(2013: 8:13: 3:20) - (!) Reading Map info file : mapdata\fightzone1.txt
(2013: 8:13: 3:20) - (!) Map decoding(mapdata\fightzone1.txt) - success! WP(10) LNPC(0) RMG(-842150451 / 0)
(2013: 8:13: 3:20) - (!) Reading Map info file : mapdata\fightzone2.txt
(2013: 8:13: 3:20) - (!) Map decoding(mapdata\fightzone2.txt) - success! WP(10) LNPC(0) RMG(-842150451 / 0)
(2013: 8:13: 3:20) - (!) Reading Map info file : mapdata\fightzone3.txt
(2013: 8:13: 3:20) - (!) Map decoding(mapdata\fightzone3.txt) - success! WP(10) LNPC(0) RMG(-842150451 / 0)
(2013: 8:13: 3:20) - (!) Reading Map info file : mapdata\fightzone4.txt
(2013: 8:13: 3:20) - (!) Map decoding(mapdata\fightzone4.txt) - success! WP(10) LNPC(0) RMG(-842150451 / 0)
(2013: 8:13: 3:20) - (!) Reading Map info file : mapdata\fightzone5.txt
(2013: 8:13: 3:20) - (!) Map decoding(mapdata\fightzone5.txt) - success! WP(9) LNPC(0) RMG(-842150451 / 0)
(2013: 8:13: 3:20) - (!) Reading Map info file : mapdata\fightzone6.txt
(2013: 8:13: 3:20) - (!) Map decoding(mapdata\fightzone6.txt) - success! WP(9) LNPC(0) RMG(-842150451 / 0)
(2013: 8:13: 3:20) - (!) Reading Map info file : mapdata\fightzone7.txt
(2013: 8:13: 3:20) - (!) Map decoding(mapdata\fightzone7.txt) - success! WP(9) LNPC(0) RMG(-842150451 / 0)
(2013: 8:13: 3:20) - (!) Reading Map info file : mapdata\fightzone8.txt
(2013: 8:13: 3:20) - (!) Map decoding(mapdata\fightzone8.txt) - success! WP(9) LNPC(0) RMG(-842150451 / 0)
(2013: 8:13: 3:20) - (!) Reading Map info file : mapdata\fightzone9.txt
(2013: 8:13: 3:20) - (!) Map decoding(mapdata\fightzone9.txt) - success! WP(10) LNPC(0) RMG(-842150451 / 0)
(2013: 8:13: 3:20) - (!) Reading Crusade configuration file...
(2013: 8:13: 3:20) - (!) Reading Schedule file...
(2013: 8:13: 3:20) - (!) Reading CrusadeGUID file...
(2013: 8:13: 3:20) - CrusadeGUID = 1
(2013: 8:13: 3:20) - CrusadeWinnerSide = 0
(2013: 8:13: 3:20) - (!) Reading ApocalypseGUID file...
(2013: 8:13: 3:20) - ApocalypseGUID = 21893752
(2013: 8:13: 3:20) - (_) Reading HeldenianGUID file...
(2013: 8:13: 3:20) - (_) Read HeldenianGUID (0) file: Nobody owns BtField (0).
(2013: 8:13: 3:20) - 
(2013: 8:13: 3:20) - (!) Game Server Activated.
(2013: 8:13: 3:21) - <1> Client Connected: (10.0.0.11)
(2013: 8:13: 3:21) - Confirmed. Account: (admin) Name: (Shisue) Level: (19)
(2013: 8:13: 3:21) - <1> Client Disconnected! (10.0.0.11)
(2020: 6:30:13:49) - (!) INITIALIZING GAME SERVER...
(2020: 6:30:13:49) - (!) Reading configuration file...
(2020: 6:30:13:49) - Gate DNS is set to 0
(2020: 6:30:13:49) - Log DNS is set to 0
(2020: 6:30:13:49) - (*) Game server name : Neutral
(2020: 6:30:13:49) - (*) Game server address : 10.0.0.11
(2020: 6:30:13:49) - (*) Internal (LAN) Game server address : 10.0.0.11
(2020: 6:30:13:49) - (*) External (Internet) Game server address : 10.0.0.11
(2020: 6:30:13:49) - (*) Game server address : 192.168.1.155
(2020: 6:30:13:49) - (*) Game server port : 9906
(2020: 6:30:13:49) - (*) Log server address : 10.0.0.11
(2020: 6:30:13:49) - (*) Log server port : 2500
(2020: 6:30:13:49) - (*) Gate server address : 10.0.0.11
(2020: 6:30:13:49) - (*) Gate server port : 6502
(2020: 6:30:13:49) - (*) Game server mode : INTERNET
(2020: 6:30:13:49) - (*) Add map (bisle)   - Loading map info files...
(2020: 6:30:13:49) - (*) Data file loading success.
(2020: 6:30:13:49) - (*) Add map (default)   - Loading map info files...
(2020: 6:30:13:49) - (*) Data file loading success.
(2020: 6:30:13:49) - (*) Add map (fightzone1)   - Loading map info files...
(2020: 6:30:13:49) - (*) Data file loading success.
(2020: 6:30:13:49) - (*) Add map (fightzone2)   - Loading map info files...
(2020: 6:30:13:49) - (*) Data file loading success.
(2020: 6:30:13:49) - (*) Add map (fightzone3)   - Loading map info files...
(2020: 6:30:13:49) - (*) Data file loading success.
(2020: 6:30:13:49) - (*) Add map (fightzone4)   - Loading map info files...
(2020: 6:30:13:49) - (*) Data file loading success.
(2020: 6:30:13:49) - (*) Add map (fightzone5)   - Loading map info files...
(2020: 6:30:13:49) - (*) Data file loading success.
(2020: 6:30:13:49) - (*) Add map (fightzone6)   - Loading map info files...
(2020: 6:30:13:49) - (*) Data file loading success.
(2020: 6:30:13:49) - (*) Add map (fightzone7)   - Loading map info files...
(2020: 6:30:13:49) - (*) Data file loading success.
(2020: 6:30:13:49) - (*) Add map (fightzone8)   - Loading map info files...
(2020: 6:30:13:49) - (*) Data file loading success.
(2020: 6:30:13:49) - (*) Add map (fightzone9)   - Loading map info files...
(2020: 6:30:13:49) - (*) Data file loading success.
(2020: 6:30:13:49) - (!) Reading settings file...
(2020: 6:30:13:49) - (*) Enemy Kill Mode: DEATHMATCH
(2020: 6:30:13:49) - (*) Player gains (1) EK per enemy kill.
(2020: 6:30:13:49) - (*) Administator vulnerability ignored.
(2020: 6:30:13:49) - (*) Monday Raid Time : (3) minutes
(2020: 6:30:13:49) - (*) Tuesday Raid Time : (3) minutes
(2020: 6:30:13:49) - (*) Wednesday Raid Time : (3) minutes
(2020: 6:30:13:49) - (*) Thursday Raid Time : (3) minutes
(2020: 6:30:13:49) - (*) Friday Raid Time : (10) minutes
(2020: 6:30:13:49) - (*) Saturday Raid Time : (45) minutes
(2020: 6:30:13:49) - (*) Sunday Raid Time : (60) minutes
(2020: 6:30:13:49) - (*) Not Logging Any Chat.
(2020: 6:30:13:49) - (*) Summoning guild costs (50000) gold
(2020: 6:30:13:49) - (*) Slate Success Rate (50) percent
(2020: 6:30:13:49) - (*) Security number memorized!
(2020: 6:30:13:49) - (*) Heldenian War starting time set to 1 minutes.
(2020: 6:30:13:49) - (*) Heldenian War total duration set to 105 minutes.
(2020: 6:30:13:49) - (*) Primary drop rate: (10000)
(2020: 6:30:13:49) - (*) Gold drop rate: (2000)
(2020: 6:30:13:49) - (*) Secondary drop rate: (1500)
(2020: 6:30:13:49) - (!) Reading AdminList.cfg...
(2020: 6:30:13:49) - (!) Reading BannedList.cfg...
(2020: 6:30:13:49) - (!) Reading settings file...
(2020: 6:30:13:49) - (!) Cannot open World.cfg file.
(2020: 6:30:13:49) -  
(2020: 6:30:13:49) - (!!!) CRITICAL ERROR! Cannot execute server! World.cfg file contents error!
(2020: 6:30:13:49) - (!!!) STOPPED!
(2020: 6:30:13:49) - (!) INITIALIZING GAME SERVER...
(2020: 6:30:13:49) - (!) Reading configuration file...
(2020: 6:30:13:49) - Gate DNS is set to 0
(2020: 6:30:13:49) - Log DNS is set to 0
(2020: 6:30:13:49) - (*) Game server name : Neutral
(2020: 6:30:13:49) - (*) Game server address : 192.168.1.155
(2020: 6:30:13:49) - (*) Internal (LAN) Game server address : 192.168.1.155
(2020: 6:30:13:49) - (*) External (Internet) Game server address : 192.168.1.155
(2020: 6:30:13:49) - (*) Game server address : 192.168.1.155
(2020: 6:30:13:49) - (*) Game server port : 9906
(2020: 6:30:13:49) - (*) Log server address : 192.168.1.155
(2020: 6:30:13:49) - (*) Log server port : 2500
(2020: 6:30:13:49) - (*) Gate server address : 192.168.1.155
(2020: 6:30:13:49) - (*) Gate server port : 6502
(2020: 6:30:13:49) - (*) Game server mode : LAN
(2020: 6:30:13:49) - (*) Add map (bisle)   - Loading map info files...
(2020: 6:30:13:49) - (*) Data file loading success.
(2020: 6:30:13:49) - (*) Add map (default)   - Loading map info files...
(2020: 6:30:13:49) - (*) Data file loading success.
(2020: 6:30:13:49) - (*) Add map (fightzone1)   - Loading map info files...
(2020: 6:30:13:49) - (*) Data file loading success.
(2020: 6:30:13:49) - (*) Add map (fightzone2)   - Loading map info files...
(2020: 6:30:13:49) - (*) Data file loading success.
(2020: 6:30:13:49) - (*) Add map (fightzone3)   - Loading map info files...
(2020: 6:30:13:49) - (*) Data file loading success.
(2020: 6:30:13:49) - (*) Add map (fightzone4)   - Loading map info files...
(2020: 6:30:13:49) - (*) Data file loading success.
(2020: 6:30:13:49) - (*) Add map (fightzone5)   - Loading map info files...
(2020: 6:30:13:49) - (*) Data file loading success.
(2020: 6:30:13:49) - (*) Add map (fightzone6)   - Loading map info files...
(2020: 6:30:13:49) - (*) Data file loading success.
(2020: 6:30:13:49) - (*) Add map (fightzone7)   - Loading map info files...
(2020: 6:30:13:49) - (*) Data file loading success.
(2020: 6:30:13:49) - (*) Add map (fightzone8)   - Loading map info files...
(2020: 6:30:13:49) - (*) Data file loading success.
(2020: 6:30:13:49) - (*) Add map (fightzone9)   - Loading map info files...
(2020: 6:30:13:49) - (*) Data file loading success.
(2020: 6:30:13:49) - (!) Reading settings file...
(2020: 6:30:13:49) - (*) Enemy Kill Mode: DEATHMATCH
(2020: 6:30:13:49) - (*) Player gains (1) EK per enemy kill.
(2020: 6:30:13:49) - (*) Administator vulnerability ignored.
(2020: 6:30:13:49) - (*) Monday Raid Time : (3) minutes
(2020: 6:30:13:49) - (*) Tuesday Raid Time : (3) minutes
(2020: 6:30:13:49) - (*) Wednesday Raid Time : (3) minutes
(2020: 6:30:13:49) - (*) Thursday Raid Time : (3) minutes
(2020: 6:30:13:49) - (*) Friday Raid Time : (10) minutes
(2020: 6:30:13:49) - (*) Saturday Raid Time : (45) minutes
(2020: 6:30:13:49) - (*) Sunday Raid Time : (60) minutes
(2020: 6:30:13:49) - (*) Not Logging Any Chat.
(2020: 6:30:13:49) - (*) Summoning guild costs (50000) gold
(2020: 6:30:13:49) - (*) Slate Success Rate (50) percent
(2020: 6:30:13:49) - (*) Security number memorized!
(2020: 6:30:13:49) - (*) Heldenian War starting time set to 1 minutes.
(2020: 6:30:13:49) - (*) Heldenian War total duration set to 105 minutes.
(2020: 6:30:13:49) - (*) Primary drop rate: (10000)
(2020: 6:30:13:49) - (*) Gold drop rate: (2000)
(2020: 6:30:13:49) - (*) Secondary drop rate: (1500)
(2020: 6:30:13:49) - (!) Reading AdminList.cfg...
(2020: 6:30:13:49) - (!) Reading BannedList.cfg...
(2020: 6:30:13:49) - (!) Reading settings file...
(2020: 6:30:13:49) - (!) Cannot open World.cfg file.
(2020: 6:30:13:49) -  
(2020: 6:30:13:49) - (!!!) CRITICAL ERROR! Cannot execute server! World.cfg file contents error!
(2020: 6:30:13:49) - (!!!) STOPPED!
(2020: 6:30:13:51) - (!) INITIALIZING GAME SERVER...
(2020: 6:30:13:51) - (!) Reading configuration file...
(2020: 6:30:13:51) - Gate DNS is set to 0
(2020: 6:30:13:51) - Log DNS is set to 0
(2020: 6:30:13:51) - (*) Game server name : Neutral
(2020: 6:30:13:51) - (*) Game server address : 192.168.1.155
(2020: 6:30:13:51) - (*) Internal (LAN) Game server address : 192.168.1.155
(2020: 6:30:13:51) - (*) External (Internet) Game server address : 192.168.1.155
(2020: 6:30:13:51) - (*) Game server address : 192.168.1.155
(2020: 6:30:13:51) - (*) Game server port : 9906
(2020: 6:30:13:51) - (*) Log server address : 192.168.1.155
(2020: 6:30:13:51) - (*) Log server port : 2500
(2020: 6:30:13:51) - (*) Gate server address : 192.168.1.155
(2020: 6:30:13:51) - (*) Gate server port : 6502
(2020: 6:30:13:51) - (*) Game server mode : LAN
(2020: 6:30:13:51) - (*) Add map (bisle)   - Loading map info files...
(2020: 6:30:13:51) - (*) Data file loading success.
(2020: 6:30:13:51) - (*) Add map (default)   - Loading map info files...
(2020: 6:30:13:51) - (*) Data file loading success.
(2020: 6:30:13:51) - (*) Add map (fightzone1)   - Loading map info files...
(2020: 6:30:13:51) - (*) Data file loading success.
(2020: 6:30:13:51) - (*) Add map (fightzone2)   - Loading map info files...
(2020: 6:30:13:51) - (*) Data file loading success.
(2020: 6:30:13:51) - (*) Add map (fightzone3)   - Loading map info files...
(2020: 6:30:13:51) - (*) Data file loading success.
(2020: 6:30:13:51) - (*) Add map (fightzone4)   - Loading map info files...
(2020: 6:30:13:51) - (*) Data file loading success.
(2020: 6:30:13:51) - (*) Add map (fightzone5)   - Loading map info files...
(2020: 6:30:13:51) - (*) Data file loading success.
(2020: 6:30:13:51) - (*) Add map (fightzone6)   - Loading map info files...
(2020: 6:30:13:51) - (*) Data file loading success.
(2020: 6:30:13:51) - (*) Add map (fightzone7)   - Loading map info files...
(2020: 6:30:13:51) - (*) Data file loading success.
(2020: 6:30:13:51) - (*) Add map (fightzone8)   - Loading map info files...
(2020: 6:30:13:51) - (*) Data file loading success.
(2020: 6:30:13:51) - (*) Add map (fightzone9)   - Loading map info files...
(2020: 6:30:13:51) - (*) Data file loading success.
(2020: 6:30:13:51) - (!) Reading settings file...
(2020: 6:30:13:51) - (*) Enemy Kill Mode: DEATHMATCH
(2020: 6:30:13:51) - (*) Player gains (1) EK per enemy kill.
(2020: 6:30:13:51) - (*) Administator vulnerability ignored.
(2020: 6:30:13:51) - (*) Monday Raid Time : (3) minutes
(2020: 6:30:13:51) - (*) Tuesday Raid Time : (3) minutes
(2020: 6:30:13:51) - (*) Wednesday Raid Time : (3) minutes
(2020: 6:30:13:51) - (*) Thursday Raid Time : (3) minutes
(2020: 6:30:13:51) - (*) Friday Raid Time : (10) minutes
(2020: 6:30:13:51) - (*) Saturday Raid Time : (45) minutes
(2020: 6:30:13:51) - (*) Sunday Raid Time : (60) minutes
(2020: 6:30:13:51) - (*) Not Logging Any Chat.
(2020: 6:30:13:51) - (*) Summoning guild costs (50000) gold
(2020: 6:30:13:51) - (*) Slate Success Rate (50) percent
(2020: 6:30:13:51) - (*) Security number memorized!
(2020: 6:30:13:51) - (*) Heldenian War starting time set to 1 minutes.
(2020: 6:30:13:51) - (*) Heldenian War total duration set to 105 minutes.
(2020: 6:30:13:51) - (*) Primary drop rate: (10000)
(2020: 6:30:13:51) - (*) Gold drop rate: (2000)
(2020: 6:30:13:51) - (*) Secondary drop rate: (1500)
(2020: 6:30:13:51) - (!) Reading AdminList.cfg...
(2020: 6:30:13:51) - (!) Reading BannedList.cfg...
(2020: 6:30:13:51) - (!) Reading settings file...
(2020: 6:30:13:51) - (!) Reading Teleport.cfg...
(2020: 6:30:13:51) - (!) TELEPORT-LIST(Total:2) configuration - success!
(2020: 6:30:13:51) - (!) Reading Crafting.cfg...
(2020: 6:30:13:51) - (!) CRAFTING(Total:25) configuration - success!
(2020: 6:30:13:51) - (!) Try to Connect main-log-socket... Addr:192.168.1.155  Port:2500
(2020: 6:30:13:51) - (!) Try to Connect Gate Server... Addr:192.168.1.155  Port:6502
(2020: 6:30:13:51) - (!) Notify Message list file not found!...
(2020: 6:30:13:51) - (!!!) Gate-socket connected!
(2020: 6:30:13:51) - (!) Try to register game server(Neutral) - GateServer
(2020: 6:30:13:51) - (!) Game Server registration to Gate Server - Success!
(2020: 6:30:13:51) - (!) Try to register game server(Neutral)
(2020: 6:30:13:51) - (!) Try to connect sub-log-socket(0)... Addr:192.168.1.155  Port:2500
(2020: 6:30:13:51) - (!!!) Log Socket Connection Established Log#(0) Address:192.168.1.155  Port:2500
(2020: 6:30:13:51) - (!) NPC configuration contents received. Now decoding...
(2020: 6:30:13:51) - (!) NPC(Total:115) configuration - success!
(2020: 6:30:13:51) - (!) ITEM configuration contents received. Now decoding...
(2020: 6:30:13:51) - (!) ITEM(Total:292) configuration - success!
(2020: 6:30:13:51) - (!) ITEM configuration contents received. Now decoding...
(2020: 6:30:13:51) - (!) ITEM(Total:623) configuration - success!
(2020: 6:30:13:51) - (!) MAGIC configuration contents received. Now decoding...
(2020: 6:30:13:51) - (!) MAGIC(Total:96) configuration - success!
(2020: 6:30:13:51) - (!) SKILL configuration contents received. Now decoding...
(2020: 6:30:13:51) - (!) SKILL(Total:23) configuration - success!
(2020: 6:30:13:51) - (!) ITEM configuration contents received. Now decoding...
(2020: 6:30:13:51) - (!) ITEM(Total:914) configuration - success!
(2020: 6:30:13:51) - (!) QUEST configuration contents received. Now decoding...
(2020: 6:30:13:51) - (!) QUEST(Total:90) configuration - success!
(2020: 6:30:13:51) - (!) BUILD-ITEM configuration contents received. Now decoding...
(2020: 6:30:13:51) - (!) BuildItem(Total:97) configuration - success!
(2020: 6:30:13:51) - (!) DupItemID file contents received. Now decoding...
(2020: 6:30:13:51) - (!) DupItemID(Total:13) configuration - success!
(2020: 6:30:13:51) - (!) Noticement file contents received. Now decoding...
(2020: 6:30:13:51) - (!) Noticement Data Size: 1269
(2020: 6:30:13:51) - (!) PORTION configuration contents received. Now decoding...
(2020: 6:30:13:51) - (!) POTION(Total:19) configuration - success!
(2020: 6:30:13:51) - (!) Game Server registration to Log Server - Success!
(2020: 6:30:13:51) - (!) Try to connect sub-log-socket(1)... Addr:192.168.1.155  Port:2500
(2020: 6:30:13:51) - (!!!) Log Socket Connection Established Log#(1) Address:192.168.1.155  Port:2500
(2020: 6:30:13:51) - (!) Try to connect sub-log-socket(2)... Addr:192.168.1.155  Port:2500
(2020: 6:30:13:51) - (!!!) Log Socket Connection Established Log#(2) Address:192.168.1.155  Port:2500
(2020: 6:30:13:51) - (!) Try to connect sub-log-socket(3)... Addr:192.168.1.155  Port:2500
(2020: 6:30:13:51) - (!!!) Log Socket Connection Established Log#(3) Address:192.168.1.155  Port:2500
(2020: 6:30:13:51) - (!) Try to connect sub-log-socket(4)... Addr:192.168.1.155  Port:2500
(2020: 6:30:13:51) - (!!!) Log Socket Connection Established Log#(4) Address:192.168.1.155  Port:2500
(2020: 6:30:13:52) - (!) Try to connect sub-log-socket(5)... Addr:192.168.1.155  Port:2500
(2020: 6:30:13:52) - (!!!) Log Socket Connection Established Log#(5) Address:192.168.1.155  Port:2500
(2020: 6:30:13:52) - (!) Try to connect sub-log-socket(6)... Addr:192.168.1.155  Port:2500
(2020: 6:30:13:52) - (!!!) Log Socket Connection Established Log#(6) Address:192.168.1.155  Port:2500
(2020: 6:30:13:52) - (!) Try to connect sub-log-socket(7)... Addr:192.168.1.155  Port:2500
(2020: 6:30:13:52) - (!!!) Log Socket Connection Established Log#(7) Address:192.168.1.155  Port:2500
(2020: 6:30:13:52) - (!) Try to connect sub-log-socket(8)... Addr:192.168.1.155  Port:2500
(2020: 6:30:13:52) - (!!!) Log Socket Connection Established Log#(8) Address:192.168.1.155  Port:2500
(2020: 6:30:13:52) - (!) Try to connect sub-log-socket(9)... Addr:192.168.1.155  Port:2500
(2020: 6:30:13:52) - (!!!) Log Socket Connection Established Log#(9) Address:192.168.1.155  Port:2500
(2020: 6:30:13:52) - Sending start message...
(2020: 6:30:13:52) - (!) Reading Map info file : mapdata\bisle.txt
(2020: 6:30:13:52) - (!) Map decoding(mapdata\bisle.txt) - success! WP(10) LNPC(0) RMG(-842150451 / 0)
(2020: 6:30:13:52) - (!) Reading Map info file : mapdata\default.txt
(2020: 6:30:13:52) - (!) Map decoding(mapdata\default.txt) - success! WP(0) LNPC(0) RMG(-842150451 / 0)
(2020: 6:30:13:52) - (!) Reading Map info file : mapdata\fightzone1.txt
(2020: 6:30:13:52) - (!) Map decoding(mapdata\fightzone1.txt) - success! WP(10) LNPC(0) RMG(-842150451 / 0)
(2020: 6:30:13:52) - (!) Reading Map info file : mapdata\fightzone2.txt
(2020: 6:30:13:52) - (!) Map decoding(mapdata\fightzone2.txt) - success! WP(10) LNPC(0) RMG(-842150451 / 0)
(2020: 6:30:13:52) - (!) Reading Map info file : mapdata\fightzone3.txt
(2020: 6:30:13:52) - (!) Map decoding(mapdata\fightzone3.txt) - success! WP(10) LNPC(0) RMG(-842150451 / 0)
(2020: 6:30:13:52) - (!) Reading Map info file : mapdata\fightzone4.txt
(2020: 6:30:13:52) - (!) Map decoding(mapdata\fightzone4.txt) - success! WP(10) LNPC(0) RMG(-842150451 / 0)
(2020: 6:30:13:52) - (!) Reading Map info file : mapdata\fightzone5.txt
(2020: 6:30:13:52) - (!) Map decoding(mapdata\fightzone5.txt) - success! WP(9) LNPC(0) RMG(-842150451 / 0)
(2020: 6:30:13:52) - (!) Reading Map info file : mapdata\fightzone6.txt
(2020: 6:30:13:52) - (!) Map decoding(mapdata\fightzone6.txt) - success! WP(9) LNPC(0) RMG(-842150451 / 0)
(2020: 6:30:13:52) - (!) Reading Map info file : mapdata\fightzone7.txt
(2020: 6:30:13:52) - (!) Map decoding(mapdata\fightzone7.txt) - success! WP(9) LNPC(0) RMG(-842150451 / 0)
(2020: 6:30:13:52) - (!) Reading Map info file : mapdata\fightzone8.txt
(2020: 6:30:13:52) - (!) Map decoding(mapdata\fightzone8.txt) - success! WP(9) LNPC(0) RMG(-842150451 / 0)
(2020: 6:30:13:52) - (!) Reading Map info file : mapdata\fightzone9.txt
(2020: 6:30:13:52) - (!) Map decoding(mapdata\fightzone9.txt) - success! WP(10) LNPC(0) RMG(-842150451 / 0)
(2020: 6:30:13:52) - (!) Reading Crusade configuration file...
(2020: 6:30:13:52) - (!) Reading Schedule file...
(2020: 6:30:13:52) - (!) Reading CrusadeGUID file...
(2020: 6:30:13:52) - CrusadeGUID = 1
(2020: 6:30:13:52) - CrusadeWinnerSide = 0
(2020: 6:30:13:52) - (!) Reading ApocalypseGUID file...
(2020: 6:30:13:52) - ApocalypseGUID = 21893752
(2020: 6:30:13:52) - (_) Reading HeldenianGUID file...
(2020: 6:30:13:52) - (_) Read HeldenianGUID (0) file: Nobody owns BtField (0).
(2020: 6:30:13:52) - 
(2020: 6:30:13:52) - (!) Game Server Activated.
(2020: 6:30:13:54) - <1> Client Connected: (192.168.1.155)
(2020: 6:30:13:54) - Confirmed. Account: (a) Name: (LifeX) Level: (1)
(2020: 6:30:13:55) - <1> Client Disconnected! (192.168.1.155)
(2020: 7: 4:13:18) - (!) INITIALIZING GAME SERVER...
(2020: 7: 4:13:18) - (!) Reading configuration file...
(2020: 7: 4:13:18) - Gate DNS is set to 0
(2020: 7: 4:13:18) - Log DNS is set to 0
(2020: 7: 4:13:18) - (*) Game server name : Neutral
(2020: 7: 4:13:18) - (*) Game server address : 192.168.1.155
(2020: 7: 4:13:18) - (*) Internal (LAN) Game server address : 192.168.1.155
(2020: 7: 4:13:18) - (*) External (Internet) Game server address : 192.168.1.155
(2020: 7: 4:13:18) - (*) Game server address : 192.168.1.155
(2020: 7: 4:13:18) - (*) Game server port : 9906
(2020: 7: 4:13:18) - (*) Log server address : 192.168.1.155
(2020: 7: 4:13:18) - (*) Log server port : 2500
(2020: 7: 4:13:18) - (*) Gate server address : 192.168.1.155
(2020: 7: 4:13:18) - (*) Gate server port : 6502
(2020: 7: 4:13:18) - (*) Game server mode : LAN
(2020: 7: 4:13:18) - (*) Add map (bisle)   - Loading map info files...
(2020: 7: 4:13:18) - (*) Data file loading success.
(2020: 7: 4:13:18) - (*) Add map (default)   - Loading map info files...
(2020: 7: 4:13:18) - (*) Data file loading success.
(2020: 7: 4:13:18) - (*) Add map (fightzone1)   - Loading map info files...
(2020: 7: 4:13:18) - (*) Data file loading success.
(2020: 7: 4:13:18) - (*) Add map (fightzone2)   - Loading map info files...
(2020: 7: 4:13:18) - (*) Data file loading success.
(2020: 7: 4:13:18) - (*) Add map (fightzone3)   - Loading map info files...
(2020: 7: 4:13:18) - (*) Data file loading success.
(2020: 7: 4:13:18) - (*) Add map (fightzone4)   - Loading map info files...
(2020: 7: 4:13:18) - (*) Data file loading success.
(2020: 7: 4:13:18) - (*) Add map (fightzone5)   - Loading map info files...
(2020: 7: 4:13:18) - (*) Data file loading success.
(2020: 7: 4:13:18) - (*) Add map (fightzone6)   - Loading map info files...
(2020: 7: 4:13:18) - (*) Data file loading success.
(2020: 7: 4:13:18) - (*) Add map (fightzone7)   - Loading map info files...
(2020: 7: 4:13:18) - (*) Data file loading success.
(2020: 7: 4:13:18) - (*) Add map (fightzone8)   - Loading map info files...
(2020: 7: 4:13:18) - (*) Data file loading success.
(2020: 7: 4:13:18) - (*) Add map (fightzone9)   - Loading map info files...
(2020: 7: 4:13:18) - (*) Data file loading success.
(2020: 7: 4:13:18) - (!) Reading settings file...
(2020: 7: 4:13:18) - (*) Enemy Kill Mode: DEATHMATCH
(2020: 7: 4:13:18) - (*) Player gains (1) EK per enemy kill.
(2020: 7: 4:13:18) - (*) Administator vulnerability ignored.
(2020: 7: 4:13:18) - (*) Monday Raid Time : (3) minutes
(2020: 7: 4:13:18) - (*) Tuesday Raid Time : (3) minutes
(2020: 7: 4:13:18) - (*) Wednesday Raid Time : (3) minutes
(2020: 7: 4:13:18) - (*) Thursday Raid Time : (3) minutes
(2020: 7: 4:13:18) - (*) Friday Raid Time : (10) minutes
(2020: 7: 4:13:18) - (*) Saturday Raid Time : (45) minutes
(2020: 7: 4:13:18) - (*) Sunday Raid Time : (60) minutes
(2020: 7: 4:13:18) - (*) Not Logging Any Chat.
(2020: 7: 4:13:18) - (*) Summoning guild costs (50000) gold
(2020: 7: 4:13:18) - (*) Slate Success Rate (50) percent
(2020: 7: 4:13:18) - (*) Security number memorized!
(2020: 7: 4:13:18) - (*) Heldenian War starting time set to 1 minutes.
(2020: 7: 4:13:18) - (*) Heldenian War total duration set to 105 minutes.
(2020: 7: 4:13:18) - (*) Primary drop rate: (10000)
(2020: 7: 4:13:18) - (*) Gold drop rate: (2000)
(2020: 7: 4:13:18) - (*) Secondary drop rate: (1500)
(2020: 7: 4:13:18) - (!) Reading AdminList.cfg...
(2020: 7: 4:13:18) - (!) Reading BannedList.cfg...
(2020: 7: 4:13:18) - (!) Reading settings file...
(2020: 7: 4:13:18) - (!) Reading Teleport.cfg...
(2020: 7: 4:13:18) - (!) TELEPORT-LIST(Total:2) configuration - success!
(2020: 7: 4:13:18) - (!) Reading Crafting.cfg...
(2020: 7: 4:13:18) - (!) CRAFTING(Total:25) configuration - success!
(2020: 7: 4:13:18) - (!) Try to Connect main-log-socket... Addr:192.168.1.155  Port:2500
(2020: 7: 4:13:18) - (!) Try to Connect Gate Server... Addr:192.168.1.155  Port:6502
(2020: 7: 4:13:18) - (!) Notify Message list file not found!...
(2020: 7: 4:13:18) - (!!!) Gate-socket connected!
(2020: 7: 4:13:18) - (!) Try to register game server(Neutral) - GateServer
(2020: 7: 4:13:18) - (!) Game Server registration to Gate Server - Success!
(2020: 7: 4:13:18) - (!) Try to register game server(Neutral)
(2020: 7: 4:13:18) - (!) Try to connect sub-log-socket(0)... Addr:192.168.1.155  Port:2500
(2020: 7: 4:13:18) - (!!!) Log Socket Connection Established Log#(0) Address:192.168.1.155  Port:2500
(2020: 7: 4:13:18) - (!) NPC configuration contents received. Now decoding...
(2020: 7: 4:13:18) - (!) NPC(Total:115) configuration - success!
(2020: 7: 4:13:18) - (!) ITEM configuration contents received. Now decoding...
(2020: 7: 4:13:18) - (!) ITEM(Total:292) configuration - success!
(2020: 7: 4:13:18) - (!) ITEM configuration contents received. Now decoding...
(2020: 7: 4:13:18) - (!) ITEM(Total:623) configuration - success!
(2020: 7: 4:13:18) - (!) MAGIC configuration contents received. Now decoding...
(2020: 7: 4:13:18) - (!) MAGIC(Total:96) configuration - success!
(2020: 7: 4:13:18) - (!) SKILL configuration contents received. Now decoding...
(2020: 7: 4:13:18) - (!) SKILL(Total:23) configuration - success!
(2020: 7: 4:13:18) - (!) ITEM configuration contents received. Now decoding...
(2020: 7: 4:13:18) - (!) ITEM(Total:914) configuration - success!
(2020: 7: 4:13:18) - (!) QUEST configuration contents received. Now decoding...
(2020: 7: 4:13:18) - (!) QUEST(Total:90) configuration - success!
(2020: 7: 4:13:18) - (!) BUILD-ITEM configuration contents received. Now decoding...
(2020: 7: 4:13:18) - (!) BuildItem(Total:97) configuration - success!
(2020: 7: 4:13:18) - (!) DupItemID file contents received. Now decoding...
(2020: 7: 4:13:18) - (!) DupItemID(Total:13) configuration - success!
(2020: 7: 4:13:18) - (!) Noticement file contents received. Now decoding...
(2020: 7: 4:13:18) - (!) Noticement Data Size: 166
(2020: 7: 4:13:18) - (!) PORTION configuration contents received. Now decoding...
(2020: 7: 4:13:18) - (!) POTION(Total:19) configuration - success!
(2020: 7: 4:13:18) - (!) Game Server registration to Log Server - Success!
(2020: 7: 4:13:18) - (!) Try to connect sub-log-socket(1)... Addr:192.168.1.155  Port:2500
(2020: 7: 4:13:18) - (!!!) Log Socket Connection Established Log#(1) Address:192.168.1.155  Port:2500
(2020: 7: 4:13:18) - (!) Try to connect sub-log-socket(2)... Addr:192.168.1.155  Port:2500
(2020: 7: 4:13:18) - (!!!) Log Socket Connection Established Log#(2) Address:192.168.1.155  Port:2500
(2020: 7: 4:13:18) - (!) Try to connect sub-log-socket(3)... Addr:192.168.1.155  Port:2500
(2020: 7: 4:13:18) - (!!!) Log Socket Connection Established Log#(3) Address:192.168.1.155  Port:2500
(2020: 7: 4:13:18) - (!) Try to connect sub-log-socket(4)... Addr:192.168.1.155  Port:2500
(2020: 7: 4:13:18) - (!!!) Log Socket Connection Established Log#(4) Address:192.168.1.155  Port:2500
(2020: 7: 4:13:18) - (!) Try to connect sub-log-socket(5)... Addr:192.168.1.155  Port:2500
(2020: 7: 4:13:18) - (!!!) Log Socket Connection Established Log#(5) Address:192.168.1.155  Port:2500
(2020: 7: 4:13:19) - (!) Try to connect sub-log-socket(6)... Addr:192.168.1.155  Port:2500
(2020: 7: 4:13:19) - (!!!) Log Socket Connection Established Log#(6) Address:192.168.1.155  Port:2500
(2020: 7: 4:13:19) - (!) Try to connect sub-log-socket(7)... Addr:192.168.1.155  Port:2500
(2020: 7: 4:13:19) - (!!!) Log Socket Connection Established Log#(7) Address:192.168.1.155  Port:2500
(2020: 7: 4:13:19) - (!) Try to connect sub-log-socket(8)... Addr:192.168.1.155  Port:2500
(2020: 7: 4:13:19) - (!!!) Log Socket Connection Established Log#(8) Address:192.168.1.155  Port:2500
(2020: 7: 4:13:19) - (!) Try to connect sub-log-socket(9)... Addr:192.168.1.155  Port:2500
(2020: 7: 4:13:19) - (!!!) Log Socket Connection Established Log#(9) Address:192.168.1.155  Port:2500
(2020: 7: 4:13:19) - Sending start message...
(2020: 7: 4:13:19) - (!) Reading Map info file : mapdata\bisle.txt
(2020: 7: 4:13:19) - (!) Map decoding(mapdata\bisle.txt) - success! WP(10) LNPC(0) RMG(-842150451 / 0)
(2020: 7: 4:13:19) - (!) Reading Map info file : mapdata\default.txt
(2020: 7: 4:13:19) - (!) Map decoding(mapdata\default.txt) - success! WP(0) LNPC(0) RMG(-842150451 / 0)
(2020: 7: 4:13:19) - (!) Reading Map info file : mapdata\fightzone1.txt
(2020: 7: 4:13:19) - (!) Map decoding(mapdata\fightzone1.txt) - success! WP(10) LNPC(0) RMG(-842150451 / 0)
(2020: 7: 4:13:19) - (!) Reading Map info file : mapdata\fightzone2.txt
(2020: 7: 4:13:19) - (!) Map decoding(mapdata\fightzone2.txt) - success! WP(10) LNPC(0) RMG(-842150451 / 0)
(2020: 7: 4:13:19) - (!) Reading Map info file : mapdata\fightzone3.txt
(2020: 7: 4:13:19) - (!) Map decoding(mapdata\fightzone3.txt) - success! WP(10) LNPC(0) RMG(-842150451 / 0)
(2020: 7: 4:13:19) - (!) Reading Map info file : mapdata\fightzone4.txt
(2020: 7: 4:13:19) - (!) Map decoding(mapdata\fightzone4.txt) - success! WP(10) LNPC(0) RMG(-842150451 / 0)
(2020: 7: 4:13:19) - (!) Reading Map info file : mapdata\fightzone5.txt
(2020: 7: 4:13:19) - (!) Map decoding(mapdata\fightzone5.txt) - success! WP(9) LNPC(0) RMG(-842150451 / 0)
(2020: 7: 4:13:19) - (!) Reading Map info file : mapdata\fightzone6.txt
(2020: 7: 4:13:19) - (!) Map decoding(mapdata\fightzone6.txt) - success! WP(9) LNPC(0) RMG(-842150451 / 0)
(2020: 7: 4:13:19) - (!) Reading Map info file : mapdata\fightzone7.txt
(2020: 7: 4:13:19) - (!) Map decoding(mapdata\fightzone7.txt) - success! WP(9) LNPC(0) RMG(-842150451 / 0)
(2020: 7: 4:13:19) - (!) Reading Map info file : mapdata\fightzone8.txt
(2020: 7: 4:13:19) - (!) Map decoding(mapdata\fightzone8.txt) - success! WP(9) LNPC(0) RMG(-842150451 / 0)
(2020: 7: 4:13:19) - (!) Reading Map info file : mapdata\fightzone9.txt
(2020: 7: 4:13:19) - (!) Map decoding(mapdata\fightzone9.txt) - success! WP(10) LNPC(0) RMG(-842150451 / 0)
(2020: 7: 4:13:19) - (!) Reading Crusade configuration file...
(2020: 7: 4:13:19) - (!) Reading Schedule file...
(2020: 7: 4:13:19) - (!) Reading CrusadeGUID file...
(2020: 7: 4:13:19) - CrusadeGUID = 1
(2020: 7: 4:13:19) - CrusadeWinnerSide = 0
(2020: 7: 4:13:19) - (!) Reading ApocalypseGUID file...
(2020: 7: 4:13:19) - ApocalypseGUID = 21893752
(2020: 7: 4:13:19) - (_) Reading HeldenianGUID file...
(2020: 7: 4:13:19) - (_) Read HeldenianGUID (0) file: Nobody owns BtField (0).
(2020: 7: 4:13:19) - 
(2020: 7: 4:13:19) - (!) Game Server Activated.
(2020: 7: 4:13:20) - <1> Client Connected: (192.168.1.155)
(2020: 7: 4:13:20) - Confirmed. Account: (a) Name: (LifeX) Level: (19)
(2020: 7: 4:13:22) - (!) INITIALIZING GAME SERVER...
(2020: 7: 4:13:22) - (!) Reading configuration file...
(2020: 7: 4:13:22) - Gate DNS is set to 0
(2020: 7: 4:13:22) - Log DNS is set to 0
(2020: 7: 4:13:22) - (*) Game server name : Neutral
(2020: 7: 4:13:22) - (*) Game server address : 192.168.1.155
(2020: 7: 4:13:22) - (*) Internal (LAN) Game server address : 192.168.1.155
(2020: 7: 4:13:22) - (*) External (Internet) Game server address : 192.168.1.155
(2020: 7: 4:13:22) - (*) Game server address : 192.168.1.155
(2020: 7: 4:13:22) - (*) Game server port : 9906
(2020: 7: 4:13:22) - (*) Log server address : 192.168.1.155
(2020: 7: 4:13:22) - (*) Log server port : 2500
(2020: 7: 4:13:22) - (*) Gate server address : 192.168.1.155
(2020: 7: 4:13:22) - (*) Gate server port : 6502
(2020: 7: 4:13:22) - (*) Game server mode : LAN
(2020: 7: 4:13:22) - (*) Add map (bisle)   - Loading map info files...
(2020: 7: 4:13:22) - (*) Data file loading success.
(2020: 7: 4:13:22) - (*) Add map (default)   - Loading map info files...
(2020: 7: 4:13:22) - (*) Data file loading success.
(2020: 7: 4:13:22) - (*) Add map (fightzone1)   - Loading map info files...
(2020: 7: 4:13:22) - (*) Data file loading success.
(2020: 7: 4:13:22) - (*) Add map (fightzone2)   - Loading map info files...
(2020: 7: 4:13:22) - (*) Data file loading success.
(2020: 7: 4:13:22) - (*) Add map (fightzone3)   - Loading map info files...
(2020: 7: 4:13:22) - (*) Data file loading success.
(2020: 7: 4:13:22) - (*) Add map (fightzone4)   - Loading map info files...
(2020: 7: 4:13:22) - (*) Data file loading success.
(2020: 7: 4:13:22) - (*) Add map (fightzone5)   - Loading map info files...
(2020: 7: 4:13:22) - (*) Data file loading success.
(2020: 7: 4:13:22) - (*) Add map (fightzone6)   - Loading map info files...
(2020: 7: 4:13:22) - (*) Data file loading success.
(2020: 7: 4:13:22) - (*) Add map (fightzone7)   - Loading map info files...
(2020: 7: 4:13:22) - (*) Data file loading success.
(2020: 7: 4:13:22) - (*) Add map (fightzone8)   - Loading map info files...
(2020: 7: 4:13:22) - (*) Data file loading success.
(2020: 7: 4:13:22) - (*) Add map (fightzone9)   - Loading map info files...
(2020: 7: 4:13:22) - (*) Data file loading success.
(2020: 7: 4:13:22) - (!) Reading settings file...
(2020: 7: 4:13:22) - (*) Enemy Kill Mode: DEATHMATCH
(2020: 7: 4:13:22) - (*) Player gains (1) EK per enemy kill.
(2020: 7: 4:13:22) - (*) Administator vulnerability ignored.
(2020: 7: 4:13:22) - (*) Monday Raid Time : (3) minutes
(2020: 7: 4:13:22) - (*) Tuesday Raid Time : (3) minutes
(2020: 7: 4:13:22) - (*) Wednesday Raid Time : (3) minutes
(2020: 7: 4:13:22) - (*) Thursday Raid Time : (3) minutes
(2020: 7: 4:13:22) - (*) Friday Raid Time : (10) minutes
(2020: 7: 4:13:22) - (*) Saturday Raid Time : (45) minutes
(2020: 7: 4:13:22) - (*) Sunday Raid Time : (60) minutes
(2020: 7: 4:13:22) - (*) Not Logging Any Chat.
(2020: 7: 4:13:22) - (*) Summoning guild costs (50000) gold
(2020: 7: 4:13:22) - (*) Slate Success Rate (50) percent
(2020: 7: 4:13:22) - (*) Security number memorized!
(2020: 7: 4:13:22) - (*) Heldenian War starting time set to 1 minutes.
(2020: 7: 4:13:22) - (*) Heldenian War total duration set to 105 minutes.
(2020: 7: 4:13:22) - (*) Primary drop rate: (10000)
(2020: 7: 4:13:22) - (*) Gold drop rate: (2000)
(2020: 7: 4:13:22) - (*) Secondary drop rate: (1500)
(2020: 7: 4:13:22) - (!) Reading AdminList.cfg...
(2020: 7: 4:13:22) - (!) Reading BannedList.cfg...
(2020: 7: 4:13:22) - (!) Reading settings file...
(2020: 7: 4:13:22) - (!) Reading Teleport.cfg...
(2020: 7: 4:13:22) - (!) TELEPORT-LIST(Total:2) configuration - success!
(2020: 7: 4:13:22) - (!) Reading Crafting.cfg...
(2020: 7: 4:13:22) - (!) CRAFTING(Total:25) configuration - success!
(2020: 7: 4:13:22) - (!) Try to Connect main-log-socket... Addr:192.168.1.155  Port:2500
(2020: 7: 4:13:22) - (!) Try to Connect Gate Server... Addr:192.168.1.155  Port:6502
(2020: 7: 4:13:22) - (!) Notify Message list file not found!...
(2020: 7: 4:13:22) - (!!!) Gate-socket connected!
(2020: 7: 4:13:22) - (!) Try to register game server(Neutral) - GateServer
(2020: 7: 4:13:22) - (!) Game Server registration to Gate Server - Success!
(2020: 7: 4:13:22) - (!) Try to register game server(Neutral)
(2020: 7: 4:13:22) - (!) Try to connect sub-log-socket(0)... Addr:192.168.1.155  Port:2500
(2020: 7: 4:13:22) - (!!!) Log Socket Connection Established Log#(0) Address:192.168.1.155  Port:2500
(2020: 7: 4:13:23) - (!) NPC configuration contents received. Now decoding...
(2020: 7: 4:13:23) - (!) NPC(Total:115) configuration - success!
(2020: 7: 4:13:23) - (!) ITEM configuration contents received. Now decoding...
(2020: 7: 4:13:23) - (!) ITEM(Total:292) configuration - success!
(2020: 7: 4:13:23) - (!) ITEM configuration contents received. Now decoding...
(2020: 7: 4:13:23) - (!) ITEM(Total:623) configuration - success!
(2020: 7: 4:13:23) - (!) MAGIC configuration contents received. Now decoding...
(2020: 7: 4:13:23) - (!) MAGIC(Total:96) configuration - success!
(2020: 7: 4:13:23) - (!) SKILL configuration contents received. Now decoding...
(2020: 7: 4:13:23) - (!) SKILL(Total:23) configuration - success!
(2020: 7: 4:13:23) - (!) ITEM configuration contents received. Now decoding...
(2020: 7: 4:13:23) - (!) ITEM(Total:914) configuration - success!
(2020: 7: 4:13:23) - (!) QUEST configuration contents received. Now decoding...
(2020: 7: 4:13:23) - (!) QUEST(Total:90) configuration - success!
(2020: 7: 4:13:23) - (!) BUILD-ITEM configuration contents received. Now decoding...
(2020: 7: 4:13:23) - (!) BuildItem(Total:97) configuration - success!
(2020: 7: 4:13:23) - (!) DupItemID file contents received. Now decoding...
(2020: 7: 4:13:23) - (!) DupItemID(Total:13) configuration - success!
(2020: 7: 4:13:23) - (!) Noticement file contents received. Now decoding...
(2020: 7: 4:13:23) - (!) Noticement Data Size: 166
(2020: 7: 4:13:23) - (!) PORTION configuration contents received. Now decoding...
(2020: 7: 4:13:23) - (!) POTION(Total:19) configuration - success!
(2020: 7: 4:13:23) - (!) Game Server registration to Log Server - Success!
(2020: 7: 4:13:23) - (!) Try to connect sub-log-socket(1)... Addr:192.168.1.155  Port:2500
(2020: 7: 4:13:23) - (!!!) Log Socket Connection Established Log#(1) Address:192.168.1.155  Port:2500
(2020: 7: 4:13:23) - (!) Try to connect sub-log-socket(2)... Addr:192.168.1.155  Port:2500
(2020: 7: 4:13:23) - (!!!) Log Socket Connection Established Log#(2) Address:192.168.1.155  Port:2500
(2020: 7: 4:13:23) - (!) Try to connect sub-log-socket(3)... Addr:192.168.1.155  Port:2500
(2020: 7: 4:13:23) - (!!!) Log Socket Connection Established Log#(3) Address:192.168.1.155  Port:2500
(2020: 7: 4:13:23) - (!) Try to connect sub-log-socket(4)... Addr:192.168.1.155  Port:2500
(2020: 7: 4:13:23) - (!!!) Log Socket Connection Established Log#(4) Address:192.168.1.155  Port:2500
(2020: 7: 4:13:23) - (!) Try to connect sub-log-socket(5)... Addr:192.168.1.155  Port:2500
(2020: 7: 4:13:23) - (!!!) Log Socket Connection Established Log#(5) Address:192.168.1.155  Port:2500
(2020: 7: 4:13:23) - (!) Try to connect sub-log-socket(6)... Addr:192.168.1.155  Port:2500
(2020: 7: 4:13:23) - (!!!) Log Socket Connection Established Log#(6) Address:192.168.1.155  Port:2500
(2020: 7: 4:13:23) - (!) Try to connect sub-log-socket(7)... Addr:192.168.1.155  Port:2500
(2020: 7: 4:13:23) - (!!!) Log Socket Connection Established Log#(7) Address:192.168.1.155  Port:2500
(2020: 7: 4:13:23) - (!) Try to connect sub-log-socket(8)... Addr:192.168.1.155  Port:2500
(2020: 7: 4:13:23) - (!!!) Log Socket Connection Established Log#(8) Address:192.168.1.155  Port:2500
(2020: 7: 4:13:23) - (!) Try to connect sub-log-socket(9)... Addr:192.168.1.155  Port:2500
(2020: 7: 4:13:23) - (!!!) Log Socket Connection Established Log#(9) Address:192.168.1.155  Port:2500
(2020: 7: 4:13:23) - Sending start message...
(2020: 7: 4:13:23) - (!) Reading Map info file : mapdata\bisle.txt
(2020: 7: 4:13:23) - (!) Map decoding(mapdata\bisle.txt) - success! WP(10) LNPC(0) RMG(-842150451 / 0)
(2020: 7: 4:13:23) - (!) Reading Map info file : mapdata\default.txt
(2020: 7: 4:13:23) - (!) Map decoding(mapdata\default.txt) - success! WP(0) LNPC(0) RMG(-842150451 / 0)
(2020: 7: 4:13:23) - (!) Reading Map info file : mapdata\fightzone1.txt
(2020: 7: 4:13:23) - (!) Map decoding(mapdata\fightzone1.txt) - success! WP(10) LNPC(0) RMG(-842150451 / 0)
(2020: 7: 4:13:23) - (!) Reading Map info file : mapdata\fightzone2.txt
(2020: 7: 4:13:23) - (!) Map decoding(mapdata\fightzone2.txt) - success! WP(10) LNPC(0) RMG(-842150451 / 0)
(2020: 7: 4:13:23) - (!) Reading Map info file : mapdata\fightzone3.txt
(2020: 7: 4:13:23) - (!) Map decoding(mapdata\fightzone3.txt) - success! WP(10) LNPC(0) RMG(-842150451 / 0)
(2020: 7: 4:13:23) - (!) Reading Map info file : mapdata\fightzone4.txt
(2020: 7: 4:13:23) - (!) Map decoding(mapdata\fightzone4.txt) - success! WP(10) LNPC(0) RMG(-842150451 / 0)
(2020: 7: 4:13:23) - (!) Reading Map info file : mapdata\fightzone5.txt
(2020: 7: 4:13:23) - (!) Map decoding(mapdata\fightzone5.txt) - success! WP(9) LNPC(0) RMG(-842150451 / 0)
(2020: 7: 4:13:23) - (!) Reading Map info file : mapdata\fightzone6.txt
(2020: 7: 4:13:23) - (!) Map decoding(mapdata\fightzone6.txt) - success! WP(9) LNPC(0) RMG(-842150451 / 0)
(2020: 7: 4:13:23) - (!) Reading Map info file : mapdata\fightzone7.txt
(2020: 7: 4:13:23) - (!) Map decoding(mapdata\fightzone7.txt) - success! WP(9) LNPC(0) RMG(-842150451 / 0)
(2020: 7: 4:13:23) - (!) Reading Map info file : mapdata\fightzone8.txt
(2020: 7: 4:13:23) - (!) Map decoding(mapdata\fightzone8.txt) - success! WP(9) LNPC(0) RMG(-842150451 / 0)
(2020: 7: 4:13:23) - (!) Reading Map info file : mapdata\fightzone9.txt
(2020: 7: 4:13:23) - (!) Map decoding(mapdata\fightzone9.txt) - success! WP(10) LNPC(0) RMG(-842150451 / 0)
(2020: 7: 4:13:23) - (!) Reading Crusade configuration file...
(2020: 7: 4:13:23) - (!) Reading Schedule file...
(2020: 7: 4:13:23) - (!) Reading CrusadeGUID file...
(2020: 7: 4:13:23) - CrusadeGUID = 1
(2020: 7: 4:13:23) - CrusadeWinnerSide = 0
(2020: 7: 4:13:23) - (!) Reading ApocalypseGUID file...
(2020: 7: 4:13:23) - ApocalypseGUID = 21893752
(2020: 7: 4:13:23) - (_) Reading HeldenianGUID file...
(2020: 7: 4:13:23) - (_) Read HeldenianGUID (0) file: Nobody owns BtField (0).
(2020: 7: 4:13:23) - 
(2020: 7: 4:13:23) - (!) Game Server Activated.
(2020: 7: 4:13:23) - <1> Client Connected: (192.168.1.155)
(2020: 7: 4:13:23) - Confirmed. Account: (a) Name: (LifeX) Level: (19)
(2020: 7: 4:13:23) - <1> Client Disconnected! (192.168.1.155)
